[2024-08-06T14:06:56.102+0000] {taskinstance.py:1979} INFO - Dependencies all met for dep_context=non-requeueable deps ti=<TaskInstance: Credit_score_pipeline_v04.load_data manual__2024-08-06T14:05:59.245755+00:00 [queued]>
[2024-08-06T14:06:56.113+0000] {taskinstance.py:1979} INFO - Dependencies all met for dep_context=requeueable deps ti=<TaskInstance: Credit_score_pipeline_v04.load_data manual__2024-08-06T14:05:59.245755+00:00 [queued]>
[2024-08-06T14:06:56.114+0000] {taskinstance.py:2193} INFO - Starting attempt 1 of 6
[2024-08-06T14:06:56.129+0000] {taskinstance.py:2214} INFO - Executing <Task(PostgresOperator): load_data> on 2024-08-06 14:05:59.245755+00:00
[2024-08-06T14:06:56.143+0000] {standard_task_runner.py:60} INFO - Started process 302 to run task
[2024-08-06T14:06:56.148+0000] {standard_task_runner.py:87} INFO - Running: ['***', 'tasks', 'run', 'Credit_score_pipeline_v04', 'load_data', 'manual__2024-08-06T14:05:59.245755+00:00', '--job-id', '187', '--raw', '--subdir', 'DAGS_FOLDER/credit_score.py', '--cfg-path', '/tmp/tmpw49kxle_']
[2024-08-06T14:06:56.152+0000] {standard_task_runner.py:88} INFO - Job 187: Subtask load_data
[2024-08-06T14:06:56.259+0000] {task_command.py:423} INFO - Running <TaskInstance: Credit_score_pipeline_v04.load_data manual__2024-08-06T14:05:59.245755+00:00 [running]> on host 43471a75e062
[2024-08-06T14:06:56.476+0000] {taskinstance.py:2510} INFO - Exporting env vars: AIRFLOW_CTX_DAG_OWNER='***' AIRFLOW_CTX_DAG_ID='Credit_score_pipeline_v04' AIRFLOW_CTX_TASK_ID='load_data' AIRFLOW_CTX_EXECUTION_DATE='2024-08-06T14:05:59.245755+00:00' AIRFLOW_CTX_TRY_NUMBER='1' AIRFLOW_CTX_DAG_RUN_ID='manual__2024-08-06T14:05:59.245755+00:00'
[2024-08-06T14:06:56.478+0000] {sql.py:276} INFO - Executing: 
        LOAD DATA LOCAL INFILE '/opt/***/dags/clean_train.csv'
        INTO TABLE credit
        FIELDS TERMINATED BY ','
        LINES TERMINATED BY '
'
        IGNORE 1 ROWS;
        
[2024-08-06T14:06:56.527+0000] {base.py:83} INFO - Using connection ID '***ql' for task execution.
[2024-08-06T14:06:56.616+0000] {base.py:83} INFO - Using connection ID '***ql' for task execution.
[2024-08-06T14:06:56.624+0000] {taskinstance.py:2728} ERROR - Task failed with exception
Traceback (most recent call last):
  File "/home/airflow/.local/lib/python3.8/site-packages/airflow/models/taskinstance.py", line 444, in _execute_task
    result = _execute_callable(context=context, **execute_callable_kwargs)
  File "/home/airflow/.local/lib/python3.8/site-packages/airflow/models/taskinstance.py", line 414, in _execute_callable
    return execute_callable(context=context, **execute_callable_kwargs)
  File "/home/airflow/.local/lib/python3.8/site-packages/airflow/providers/common/sql/operators/sql.py", line 282, in execute
    output = hook.run(
  File "/home/airflow/.local/lib/python3.8/site-packages/airflow/providers/common/sql/hooks/sql.py", line 397, in run
    with closing(self.get_conn()) as conn:
  File "/home/airflow/.local/lib/python3.8/site-packages/airflow/providers/postgres/hooks/postgres.py", line 161, in get_conn
    self.conn = psycopg2.connect(**conn_args)
  File "/home/airflow/.local/lib/python3.8/site-packages/psycopg2/__init__.py", line 122, in connect
    conn = _connect(dsn, connection_factory=connection_factory, **kwasync)
psycopg2.OperationalError: connection to server at "***" (172.18.0.3), port 5433 failed: Connection refused
	Is the server running on that host and accepting TCP/IP connections?

[2024-08-06T14:06:56.654+0000] {taskinstance.py:1149} INFO - Marking task as UP_FOR_RETRY. dag_id=Credit_score_pipeline_v04, task_id=load_data, execution_date=20240806T140559, start_date=20240806T140656, end_date=20240806T140656
[2024-08-06T14:06:56.673+0000] {standard_task_runner.py:107} ERROR - Failed to execute job 187 for task load_data (connection to server at "***" (172.18.0.3), port 5433 failed: Connection refused
	Is the server running on that host and accepting TCP/IP connections?
; 302)
[2024-08-06T14:06:56.707+0000] {local_task_job_runner.py:234} INFO - Task exited with return code 1
[2024-08-06T14:06:56.785+0000] {taskinstance.py:3309} INFO - 0 downstream tasks scheduled from follow-on schedule check
