[2024-08-06T14:29:29.450+0000] {taskinstance.py:1979} INFO - Dependencies all met for dep_context=non-requeueable deps ti=<TaskInstance: Credit_score_pipeline_v04.load_data manual__2024-08-06T14:05:59.245755+00:00 [queued]>
[2024-08-06T14:29:29.461+0000] {taskinstance.py:1979} INFO - Dependencies all met for dep_context=requeueable deps ti=<TaskInstance: Credit_score_pipeline_v04.load_data manual__2024-08-06T14:05:59.245755+00:00 [queued]>
[2024-08-06T14:29:29.462+0000] {taskinstance.py:2193} INFO - Starting attempt 8 of 12
[2024-08-06T14:29:29.476+0000] {taskinstance.py:2214} INFO - Executing <Task(PostgresOperator): load_data> on 2024-08-06 14:05:59.245755+00:00
[2024-08-06T14:29:29.487+0000] {standard_task_runner.py:60} INFO - Started process 768 to run task
[2024-08-06T14:29:29.490+0000] {standard_task_runner.py:87} INFO - Running: ['***', 'tasks', 'run', 'Credit_score_pipeline_v04', 'load_data', 'manual__2024-08-06T14:05:59.245755+00:00', '--job-id', '197', '--raw', '--subdir', 'DAGS_FOLDER/credit_score.py', '--cfg-path', '/tmp/tmpv5x171b8']
[2024-08-06T14:29:29.508+0000] {standard_task_runner.py:88} INFO - Job 197: Subtask load_data
[2024-08-06T14:29:29.563+0000] {task_command.py:423} INFO - Running <TaskInstance: Credit_score_pipeline_v04.load_data manual__2024-08-06T14:05:59.245755+00:00 [running]> on host 43471a75e062
[2024-08-06T14:29:29.653+0000] {taskinstance.py:2510} INFO - Exporting env vars: AIRFLOW_CTX_DAG_OWNER='***' AIRFLOW_CTX_DAG_ID='Credit_score_pipeline_v04' AIRFLOW_CTX_TASK_ID='load_data' AIRFLOW_CTX_EXECUTION_DATE='2024-08-06T14:05:59.245755+00:00' AIRFLOW_CTX_TRY_NUMBER='8' AIRFLOW_CTX_DAG_RUN_ID='manual__2024-08-06T14:05:59.245755+00:00'
[2024-08-06T14:29:29.662+0000] {sql.py:276} INFO - Executing: 
       COPY credit FROM '/opt/***/dags/clean_train.csv' WITH (FORMAT csv, HEADER true, DELIMITER ',');

        
[2024-08-06T14:29:29.675+0000] {base.py:83} INFO - Using connection ID '***ql' for task execution.
[2024-08-06T14:29:29.689+0000] {base.py:83} INFO - Using connection ID '***ql' for task execution.
[2024-08-06T14:29:29.845+0000] {sql.py:457} INFO - Running statement: 
       COPY credit FROM '/opt/***/dags/clean_train.csv' WITH (FORMAT csv, HEADER true, DELIMITER ',');

        , parameters: None
[2024-08-06T14:29:29.867+0000] {taskinstance.py:2728} ERROR - Task failed with exception
Traceback (most recent call last):
  File "/home/airflow/.local/lib/python3.8/site-packages/airflow/models/taskinstance.py", line 444, in _execute_task
    result = _execute_callable(context=context, **execute_callable_kwargs)
  File "/home/airflow/.local/lib/python3.8/site-packages/airflow/models/taskinstance.py", line 414, in _execute_callable
    return execute_callable(context=context, **execute_callable_kwargs)
  File "/home/airflow/.local/lib/python3.8/site-packages/airflow/providers/common/sql/operators/sql.py", line 282, in execute
    output = hook.run(
  File "/home/airflow/.local/lib/python3.8/site-packages/airflow/providers/common/sql/hooks/sql.py", line 404, in run
    self._run_command(cur, sql_statement, parameters)
  File "/home/airflow/.local/lib/python3.8/site-packages/airflow/providers/common/sql/hooks/sql.py", line 462, in _run_command
    cur.execute(sql_statement)
psycopg2.errors.UndefinedTable: relation "credit" does not exist

[2024-08-06T14:29:29.875+0000] {taskinstance.py:1149} INFO - Marking task as UP_FOR_RETRY. dag_id=Credit_score_pipeline_v04, task_id=load_data, execution_date=20240806T140559, start_date=20240806T142929, end_date=20240806T142929
[2024-08-06T14:29:29.891+0000] {standard_task_runner.py:107} ERROR - Failed to execute job 197 for task load_data (relation "credit" does not exist
; 768)
[2024-08-06T14:29:29.941+0000] {local_task_job_runner.py:234} INFO - Task exited with return code 1
[2024-08-06T14:29:29.961+0000] {taskinstance.py:3309} INFO - 0 downstream tasks scheduled from follow-on schedule check
