[2024-08-03T02:58:36.068+0000] {processor.py:161} INFO - Started process (PID=818) to work on /opt/airflow/dags/dag_with_python_dependencies.py
[2024-08-03T02:58:36.070+0000] {processor.py:830} INFO - Processing file /opt/airflow/dags/dag_with_python_dependencies.py for tasks to queue
[2024-08-03T02:58:36.072+0000] {logging_mixin.py:188} INFO - [2024-08-03T02:58:36.072+0000] {dagbag.py:540} INFO - Filling up the DagBag from /opt/airflow/dags/dag_with_python_dependencies.py
[2024-08-03T02:58:36.241+0000] {processor.py:840} INFO - DAG(s) 'dag_with_python_dependencies_v01' retrieved from /opt/airflow/dags/dag_with_python_dependencies.py
[2024-08-03T02:58:36.683+0000] {logging_mixin.py:188} INFO - [2024-08-03T02:58:36.682+0000] {dag.py:3047} INFO - Sync 1 DAGs
[2024-08-03T02:58:36.712+0000] {logging_mixin.py:188} INFO - [2024-08-03T02:58:36.711+0000] {dag.py:3834} INFO - Setting next_dagrun for dag_with_python_dependencies_v01 to 2024-08-03 00:00:00+00:00, run_after=2024-08-04 00:00:00+00:00
[2024-08-03T02:58:36.738+0000] {processor.py:183} INFO - Processing /opt/airflow/dags/dag_with_python_dependencies.py took 0.679 seconds
[2024-08-03T02:59:07.606+0000] {processor.py:161} INFO - Started process (PID=831) to work on /opt/airflow/dags/dag_with_python_dependencies.py
[2024-08-03T02:59:07.608+0000] {processor.py:830} INFO - Processing file /opt/airflow/dags/dag_with_python_dependencies.py for tasks to queue
[2024-08-03T02:59:07.613+0000] {logging_mixin.py:188} INFO - [2024-08-03T02:59:07.611+0000] {dagbag.py:540} INFO - Filling up the DagBag from /opt/airflow/dags/dag_with_python_dependencies.py
[2024-08-03T02:59:07.650+0000] {processor.py:840} INFO - DAG(s) 'dag_with_python_dependencies_v01' retrieved from /opt/airflow/dags/dag_with_python_dependencies.py
[2024-08-03T02:59:07.680+0000] {logging_mixin.py:188} INFO - [2024-08-03T02:59:07.680+0000] {dag.py:3047} INFO - Sync 1 DAGs
[2024-08-03T02:59:07.710+0000] {logging_mixin.py:188} INFO - [2024-08-03T02:59:07.709+0000] {dag.py:3834} INFO - Setting next_dagrun for dag_with_python_dependencies_v01 to 2024-08-03 00:00:00+00:00, run_after=2024-08-04 00:00:00+00:00
[2024-08-03T02:59:07.738+0000] {processor.py:183} INFO - Processing /opt/airflow/dags/dag_with_python_dependencies.py took 0.138 seconds
[2024-08-03T02:59:37.966+0000] {processor.py:161} INFO - Started process (PID=841) to work on /opt/airflow/dags/dag_with_python_dependencies.py
[2024-08-03T02:59:37.968+0000] {processor.py:830} INFO - Processing file /opt/airflow/dags/dag_with_python_dependencies.py for tasks to queue
[2024-08-03T02:59:37.969+0000] {logging_mixin.py:188} INFO - [2024-08-03T02:59:37.969+0000] {dagbag.py:540} INFO - Filling up the DagBag from /opt/airflow/dags/dag_with_python_dependencies.py
[2024-08-03T02:59:37.993+0000] {processor.py:840} INFO - DAG(s) 'dag_with_python_dependencies_v01' retrieved from /opt/airflow/dags/dag_with_python_dependencies.py
[2024-08-03T02:59:38.044+0000] {logging_mixin.py:188} INFO - [2024-08-03T02:59:38.043+0000] {dag.py:3047} INFO - Sync 1 DAGs
[2024-08-03T02:59:38.099+0000] {logging_mixin.py:188} INFO - [2024-08-03T02:59:38.099+0000] {dag.py:3834} INFO - Setting next_dagrun for dag_with_python_dependencies_v01 to 2024-08-03 00:00:00+00:00, run_after=2024-08-04 00:00:00+00:00
[2024-08-03T02:59:38.140+0000] {processor.py:183} INFO - Processing /opt/airflow/dags/dag_with_python_dependencies.py took 0.178 seconds
[2024-08-03T03:00:08.441+0000] {processor.py:161} INFO - Started process (PID=851) to work on /opt/airflow/dags/dag_with_python_dependencies.py
[2024-08-03T03:00:08.443+0000] {processor.py:830} INFO - Processing file /opt/airflow/dags/dag_with_python_dependencies.py for tasks to queue
[2024-08-03T03:00:08.445+0000] {logging_mixin.py:188} INFO - [2024-08-03T03:00:08.445+0000] {dagbag.py:540} INFO - Filling up the DagBag from /opt/airflow/dags/dag_with_python_dependencies.py
[2024-08-03T03:00:08.484+0000] {processor.py:840} INFO - DAG(s) 'dag_with_python_dependencies_v01' retrieved from /opt/airflow/dags/dag_with_python_dependencies.py
[2024-08-03T03:00:08.514+0000] {logging_mixin.py:188} INFO - [2024-08-03T03:00:08.514+0000] {dag.py:3047} INFO - Sync 1 DAGs
[2024-08-03T03:00:08.539+0000] {logging_mixin.py:188} INFO - [2024-08-03T03:00:08.539+0000] {dag.py:3834} INFO - Setting next_dagrun for dag_with_python_dependencies_v01 to 2024-08-03 00:00:00+00:00, run_after=2024-08-04 00:00:00+00:00
[2024-08-03T03:00:08.567+0000] {processor.py:183} INFO - Processing /opt/airflow/dags/dag_with_python_dependencies.py took 0.130 seconds
[2024-08-03T03:00:38.716+0000] {processor.py:161} INFO - Started process (PID=862) to work on /opt/airflow/dags/dag_with_python_dependencies.py
[2024-08-03T03:00:38.717+0000] {processor.py:830} INFO - Processing file /opt/airflow/dags/dag_with_python_dependencies.py for tasks to queue
[2024-08-03T03:00:38.719+0000] {logging_mixin.py:188} INFO - [2024-08-03T03:00:38.718+0000] {dagbag.py:540} INFO - Filling up the DagBag from /opt/airflow/dags/dag_with_python_dependencies.py
[2024-08-03T03:00:38.741+0000] {processor.py:840} INFO - DAG(s) 'dag_with_python_dependencies_v01' retrieved from /opt/airflow/dags/dag_with_python_dependencies.py
[2024-08-03T03:00:38.770+0000] {logging_mixin.py:188} INFO - [2024-08-03T03:00:38.770+0000] {dag.py:3047} INFO - Sync 1 DAGs
[2024-08-03T03:00:38.796+0000] {logging_mixin.py:188} INFO - [2024-08-03T03:00:38.795+0000] {dag.py:3834} INFO - Setting next_dagrun for dag_with_python_dependencies_v01 to 2024-08-03 00:00:00+00:00, run_after=2024-08-04 00:00:00+00:00
[2024-08-03T03:00:38.821+0000] {processor.py:183} INFO - Processing /opt/airflow/dags/dag_with_python_dependencies.py took 0.110 seconds
[2024-08-03T03:01:08.999+0000] {processor.py:161} INFO - Started process (PID=872) to work on /opt/airflow/dags/dag_with_python_dependencies.py
[2024-08-03T03:01:09.001+0000] {processor.py:830} INFO - Processing file /opt/airflow/dags/dag_with_python_dependencies.py for tasks to queue
[2024-08-03T03:01:09.004+0000] {logging_mixin.py:188} INFO - [2024-08-03T03:01:09.003+0000] {dagbag.py:540} INFO - Filling up the DagBag from /opt/airflow/dags/dag_with_python_dependencies.py
[2024-08-03T03:01:09.056+0000] {processor.py:840} INFO - DAG(s) 'dag_with_python_dependencies_v01' retrieved from /opt/airflow/dags/dag_with_python_dependencies.py
[2024-08-03T03:01:09.088+0000] {logging_mixin.py:188} INFO - [2024-08-03T03:01:09.087+0000] {dag.py:3047} INFO - Sync 1 DAGs
[2024-08-03T03:01:09.114+0000] {logging_mixin.py:188} INFO - [2024-08-03T03:01:09.113+0000] {dag.py:3834} INFO - Setting next_dagrun for dag_with_python_dependencies_v01 to 2024-08-03 00:00:00+00:00, run_after=2024-08-04 00:00:00+00:00
[2024-08-03T03:01:09.139+0000] {processor.py:183} INFO - Processing /opt/airflow/dags/dag_with_python_dependencies.py took 0.150 seconds
[2024-08-03T03:01:39.710+0000] {processor.py:161} INFO - Started process (PID=882) to work on /opt/airflow/dags/dag_with_python_dependencies.py
[2024-08-03T03:01:39.711+0000] {processor.py:830} INFO - Processing file /opt/airflow/dags/dag_with_python_dependencies.py for tasks to queue
[2024-08-03T03:01:39.713+0000] {logging_mixin.py:188} INFO - [2024-08-03T03:01:39.712+0000] {dagbag.py:540} INFO - Filling up the DagBag from /opt/airflow/dags/dag_with_python_dependencies.py
[2024-08-03T03:01:39.740+0000] {processor.py:840} INFO - DAG(s) 'dag_with_python_dependencies_v01' retrieved from /opt/airflow/dags/dag_with_python_dependencies.py
[2024-08-03T03:01:39.764+0000] {logging_mixin.py:188} INFO - [2024-08-03T03:01:39.764+0000] {dag.py:3047} INFO - Sync 1 DAGs
[2024-08-03T03:01:39.805+0000] {logging_mixin.py:188} INFO - [2024-08-03T03:01:39.805+0000] {dag.py:3834} INFO - Setting next_dagrun for dag_with_python_dependencies_v01 to 2024-08-03 00:00:00+00:00, run_after=2024-08-04 00:00:00+00:00
[2024-08-03T03:01:39.840+0000] {processor.py:183} INFO - Processing /opt/airflow/dags/dag_with_python_dependencies.py took 0.134 seconds
[2024-08-03T03:02:10.275+0000] {processor.py:161} INFO - Started process (PID=892) to work on /opt/airflow/dags/dag_with_python_dependencies.py
[2024-08-03T03:02:10.277+0000] {processor.py:830} INFO - Processing file /opt/airflow/dags/dag_with_python_dependencies.py for tasks to queue
[2024-08-03T03:02:10.279+0000] {logging_mixin.py:188} INFO - [2024-08-03T03:02:10.279+0000] {dagbag.py:540} INFO - Filling up the DagBag from /opt/airflow/dags/dag_with_python_dependencies.py
[2024-08-03T03:02:10.477+0000] {processor.py:840} INFO - DAG(s) 'dag_with_python_dependencies_v01' retrieved from /opt/airflow/dags/dag_with_python_dependencies.py
[2024-08-03T03:02:10.565+0000] {logging_mixin.py:188} INFO - [2024-08-03T03:02:10.564+0000] {dag.py:3047} INFO - Sync 1 DAGs
[2024-08-03T03:02:10.587+0000] {logging_mixin.py:188} INFO - [2024-08-03T03:02:10.586+0000] {dag.py:3834} INFO - Setting next_dagrun for dag_with_python_dependencies_v01 to 2024-08-03 00:00:00+00:00, run_after=2024-08-04 00:00:00+00:00
[2024-08-03T03:02:10.610+0000] {processor.py:183} INFO - Processing /opt/airflow/dags/dag_with_python_dependencies.py took 0.444 seconds
[2024-08-03T03:02:40.726+0000] {processor.py:161} INFO - Started process (PID=902) to work on /opt/airflow/dags/dag_with_python_dependencies.py
[2024-08-03T03:02:40.728+0000] {processor.py:830} INFO - Processing file /opt/airflow/dags/dag_with_python_dependencies.py for tasks to queue
[2024-08-03T03:02:40.729+0000] {logging_mixin.py:188} INFO - [2024-08-03T03:02:40.729+0000] {dagbag.py:540} INFO - Filling up the DagBag from /opt/airflow/dags/dag_with_python_dependencies.py
[2024-08-03T03:02:40.757+0000] {processor.py:840} INFO - DAG(s) 'dag_with_python_dependencies_v01' retrieved from /opt/airflow/dags/dag_with_python_dependencies.py
[2024-08-03T03:02:40.786+0000] {logging_mixin.py:188} INFO - [2024-08-03T03:02:40.785+0000] {dag.py:3047} INFO - Sync 1 DAGs
[2024-08-03T03:02:40.808+0000] {logging_mixin.py:188} INFO - [2024-08-03T03:02:40.807+0000] {dag.py:3834} INFO - Setting next_dagrun for dag_with_python_dependencies_v01 to 2024-08-03 00:00:00+00:00, run_after=2024-08-04 00:00:00+00:00
[2024-08-03T03:02:40.828+0000] {processor.py:183} INFO - Processing /opt/airflow/dags/dag_with_python_dependencies.py took 0.106 seconds
[2024-08-03T03:03:11.096+0000] {processor.py:161} INFO - Started process (PID=912) to work on /opt/airflow/dags/dag_with_python_dependencies.py
[2024-08-03T03:03:11.146+0000] {processor.py:830} INFO - Processing file /opt/airflow/dags/dag_with_python_dependencies.py for tasks to queue
[2024-08-03T03:03:11.149+0000] {logging_mixin.py:188} INFO - [2024-08-03T03:03:11.148+0000] {dagbag.py:540} INFO - Filling up the DagBag from /opt/airflow/dags/dag_with_python_dependencies.py
[2024-08-03T03:03:11.192+0000] {processor.py:840} INFO - DAG(s) 'dag_with_python_dependencies_v01' retrieved from /opt/airflow/dags/dag_with_python_dependencies.py
[2024-08-03T03:03:11.220+0000] {logging_mixin.py:188} INFO - [2024-08-03T03:03:11.220+0000] {dag.py:3047} INFO - Sync 1 DAGs
[2024-08-03T03:03:11.245+0000] {logging_mixin.py:188} INFO - [2024-08-03T03:03:11.245+0000] {dag.py:3834} INFO - Setting next_dagrun for dag_with_python_dependencies_v01 to 2024-08-03 00:00:00+00:00, run_after=2024-08-04 00:00:00+00:00
[2024-08-03T03:03:11.268+0000] {processor.py:183} INFO - Processing /opt/airflow/dags/dag_with_python_dependencies.py took 0.175 seconds
[2024-08-03T03:03:41.873+0000] {processor.py:161} INFO - Started process (PID=922) to work on /opt/airflow/dags/dag_with_python_dependencies.py
[2024-08-03T03:03:41.874+0000] {processor.py:830} INFO - Processing file /opt/airflow/dags/dag_with_python_dependencies.py for tasks to queue
[2024-08-03T03:03:41.877+0000] {logging_mixin.py:188} INFO - [2024-08-03T03:03:41.876+0000] {dagbag.py:540} INFO - Filling up the DagBag from /opt/airflow/dags/dag_with_python_dependencies.py
[2024-08-03T03:03:41.954+0000] {processor.py:840} INFO - DAG(s) 'dag_with_python_dependencies_v01' retrieved from /opt/airflow/dags/dag_with_python_dependencies.py
[2024-08-03T03:03:42.005+0000] {logging_mixin.py:188} INFO - [2024-08-03T03:03:42.004+0000] {dag.py:3047} INFO - Sync 1 DAGs
[2024-08-03T03:03:42.040+0000] {logging_mixin.py:188} INFO - [2024-08-03T03:03:42.040+0000] {dag.py:3834} INFO - Setting next_dagrun for dag_with_python_dependencies_v01 to 2024-08-03 00:00:00+00:00, run_after=2024-08-04 00:00:00+00:00
[2024-08-03T03:03:42.064+0000] {processor.py:183} INFO - Processing /opt/airflow/dags/dag_with_python_dependencies.py took 0.201 seconds
[2024-08-03T03:04:12.327+0000] {processor.py:161} INFO - Started process (PID=931) to work on /opt/airflow/dags/dag_with_python_dependencies.py
[2024-08-03T03:04:12.328+0000] {processor.py:830} INFO - Processing file /opt/airflow/dags/dag_with_python_dependencies.py for tasks to queue
[2024-08-03T03:04:12.329+0000] {logging_mixin.py:188} INFO - [2024-08-03T03:04:12.329+0000] {dagbag.py:540} INFO - Filling up the DagBag from /opt/airflow/dags/dag_with_python_dependencies.py
[2024-08-03T03:04:12.364+0000] {processor.py:840} INFO - DAG(s) 'dag_with_python_dependencies_v01' retrieved from /opt/airflow/dags/dag_with_python_dependencies.py
[2024-08-03T03:04:12.389+0000] {logging_mixin.py:188} INFO - [2024-08-03T03:04:12.389+0000] {dag.py:3047} INFO - Sync 1 DAGs
[2024-08-03T03:04:12.425+0000] {logging_mixin.py:188} INFO - [2024-08-03T03:04:12.417+0000] {dag.py:3834} INFO - Setting next_dagrun for dag_with_python_dependencies_v01 to 2024-08-03 00:00:00+00:00, run_after=2024-08-04 00:00:00+00:00
[2024-08-03T03:04:12.471+0000] {processor.py:183} INFO - Processing /opt/airflow/dags/dag_with_python_dependencies.py took 0.148 seconds
[2024-08-03T03:04:42.585+0000] {processor.py:161} INFO - Started process (PID=941) to work on /opt/airflow/dags/dag_with_python_dependencies.py
[2024-08-03T03:04:42.586+0000] {processor.py:830} INFO - Processing file /opt/airflow/dags/dag_with_python_dependencies.py for tasks to queue
[2024-08-03T03:04:42.588+0000] {logging_mixin.py:188} INFO - [2024-08-03T03:04:42.587+0000] {dagbag.py:540} INFO - Filling up the DagBag from /opt/airflow/dags/dag_with_python_dependencies.py
[2024-08-03T03:04:42.610+0000] {processor.py:840} INFO - DAG(s) 'dag_with_python_dependencies_v01' retrieved from /opt/airflow/dags/dag_with_python_dependencies.py
[2024-08-03T03:04:42.634+0000] {logging_mixin.py:188} INFO - [2024-08-03T03:04:42.634+0000] {dag.py:3047} INFO - Sync 1 DAGs
[2024-08-03T03:04:42.656+0000] {logging_mixin.py:188} INFO - [2024-08-03T03:04:42.656+0000] {dag.py:3834} INFO - Setting next_dagrun for dag_with_python_dependencies_v01 to 2024-08-03 00:00:00+00:00, run_after=2024-08-04 00:00:00+00:00
[2024-08-03T03:04:42.679+0000] {processor.py:183} INFO - Processing /opt/airflow/dags/dag_with_python_dependencies.py took 0.097 seconds
[2024-08-03T08:32:32.840+0000] {processor.py:161} INFO - Started process (PID=67) to work on /opt/airflow/dags/dag_with_python_dependencies.py
[2024-08-03T08:32:33.154+0000] {processor.py:830} INFO - Processing file /opt/airflow/dags/dag_with_python_dependencies.py for tasks to queue
[2024-08-03T08:32:33.390+0000] {logging_mixin.py:188} INFO - [2024-08-03T08:32:33.389+0000] {dagbag.py:540} INFO - Filling up the DagBag from /opt/airflow/dags/dag_with_python_dependencies.py
[2024-08-03T08:32:34.143+0000] {processor.py:840} INFO - DAG(s) 'dag_with_python_dependencies_v01' retrieved from /opt/airflow/dags/dag_with_python_dependencies.py
[2024-08-03T08:32:35.367+0000] {logging_mixin.py:188} INFO - [2024-08-03T08:32:35.366+0000] {dag.py:3047} INFO - Sync 1 DAGs
[2024-08-03T08:32:41.947+0000] {logging_mixin.py:188} INFO - [2024-08-03T08:32:41.946+0000] {dag.py:3834} INFO - Setting next_dagrun for dag_with_python_dependencies_v01 to 2024-08-03 00:00:00+00:00, run_after=2024-08-04 00:00:00+00:00
[2024-08-03T08:32:43.484+0000] {processor.py:183} INFO - Processing /opt/airflow/dags/dag_with_python_dependencies.py took 20.273 seconds
[2024-08-03T08:33:20.889+0000] {processor.py:161} INFO - Started process (PID=76) to work on /opt/airflow/dags/dag_with_python_dependencies.py
[2024-08-03T08:33:20.928+0000] {processor.py:830} INFO - Processing file /opt/airflow/dags/dag_with_python_dependencies.py for tasks to queue
[2024-08-03T08:33:21.022+0000] {logging_mixin.py:188} INFO - [2024-08-03T08:33:21.021+0000] {dagbag.py:540} INFO - Filling up the DagBag from /opt/airflow/dags/dag_with_python_dependencies.py
[2024-08-03T08:33:22.813+0000] {processor.py:840} INFO - DAG(s) 'dag_with_python_dependencies_v01' retrieved from /opt/airflow/dags/dag_with_python_dependencies.py
[2024-08-03T08:33:24.497+0000] {logging_mixin.py:188} INFO - [2024-08-03T08:33:24.497+0000] {dag.py:3047} INFO - Sync 1 DAGs
[2024-08-03T08:33:26.994+0000] {logging_mixin.py:188} INFO - [2024-08-03T08:33:26.994+0000] {dag.py:3834} INFO - Setting next_dagrun for dag_with_python_dependencies_v01 to 2024-08-03 00:00:00+00:00, run_after=2024-08-04 00:00:00+00:00
[2024-08-03T08:33:28.261+0000] {processor.py:183} INFO - Processing /opt/airflow/dags/dag_with_python_dependencies.py took 7.999 seconds
[2024-08-03T08:34:03.149+0000] {processor.py:161} INFO - Started process (PID=90) to work on /opt/airflow/dags/dag_with_python_dependencies.py
[2024-08-03T08:34:03.158+0000] {processor.py:830} INFO - Processing file /opt/airflow/dags/dag_with_python_dependencies.py for tasks to queue
[2024-08-03T08:34:03.161+0000] {logging_mixin.py:188} INFO - [2024-08-03T08:34:03.160+0000] {dagbag.py:540} INFO - Filling up the DagBag from /opt/airflow/dags/dag_with_python_dependencies.py
[2024-08-03T08:34:05.089+0000] {processor.py:840} INFO - DAG(s) 'dag_with_python_dependencies_v01' retrieved from /opt/airflow/dags/dag_with_python_dependencies.py
[2024-08-03T08:34:08.679+0000] {logging_mixin.py:188} INFO - [2024-08-03T08:34:08.679+0000] {dag.py:3047} INFO - Sync 1 DAGs
[2024-08-03T08:34:27.914+0000] {logging_mixin.py:188} INFO - [2024-08-03T08:34:27.913+0000] {dag.py:3834} INFO - Setting next_dagrun for dag_with_python_dependencies_v01 to 2024-08-03 00:00:00+00:00, run_after=2024-08-04 00:00:00+00:00
[2024-08-03T08:34:29.340+0000] {processor.py:183} INFO - Processing /opt/airflow/dags/dag_with_python_dependencies.py took 26.252 seconds
